{"G:\\Repositorio\\Retos Técnicos\\culqi-aws-tokenize\\src\\application\\functions\\card-token-life.function.ts": {"path":"G:\\Repositorio\\Retos Técnicos\\culqi-aws-tokenize\\src\\application\\functions\\card-token-life.function.ts","all":false,"statementMap":{"0":{"start":{"line":1,"column":0},"end":{"line":1,"column":51}},"1":{"start":{"line":2,"column":0},"end":{"line":2,"column":82}},"2":{"start":{"line":3,"column":0},"end":{"line":3,"column":84}},"3":{"start":{"line":4,"column":0},"end":{"line":4,"column":37}},"4":{"start":{"line":5,"column":0},"end":{"line":5,"column":0}},"5":{"start":{"line":6,"column":0},"end":{"line":6,"column":73}},"6":{"start":{"line":7,"column":0},"end":{"line":7,"column":29}},"7":{"start":{"line":8,"column":0},"end":{"line":8,"column":56}},"8":{"start":{"line":9,"column":0},"end":{"line":9,"column":0}},"9":{"start":{"line":10,"column":0},"end":{"line":10,"column":42}},"10":{"start":{"line":11,"column":0},"end":{"line":11,"column":72}},"11":{"start":{"line":12,"column":0},"end":{"line":12,"column":27}},"12":{"start":{"line":13,"column":0},"end":{"line":13,"column":49}},"13":{"start":{"line":14,"column":0},"end":{"line":14,"column":105}},"14":{"start":{"line":15,"column":0},"end":{"line":15,"column":59}},"15":{"start":{"line":16,"column":0},"end":{"line":16,"column":36}},"16":{"start":{"line":17,"column":0},"end":{"line":17,"column":33}},"17":{"start":{"line":18,"column":0},"end":{"line":18,"column":9}},"18":{"start":{"line":19,"column":0},"end":{"line":19,"column":18}},"19":{"start":{"line":20,"column":0},"end":{"line":20,"column":145}},"20":{"start":{"line":21,"column":0},"end":{"line":21,"column":10}},"21":{"start":{"line":22,"column":0},"end":{"line":22,"column":28}},"22":{"start":{"line":23,"column":0},"end":{"line":23,"column":8}},"23":{"start":{"line":24,"column":0},"end":{"line":24,"column":12}},"24":{"start":{"line":25,"column":0},"end":{"line":25,"column":36}},"25":{"start":{"line":26,"column":0},"end":{"line":26,"column":13}},"26":{"start":{"line":27,"column":0},"end":{"line":27,"column":5}},"27":{"start":{"line":28,"column":0},"end":{"line":28,"column":10}},"28":{"start":{"line":29,"column":0},"end":{"line":29,"column":34}},"29":{"start":{"line":30,"column":0},"end":{"line":30,"column":31}},"30":{"start":{"line":31,"column":0},"end":{"line":31,"column":7}},"31":{"start":{"line":32,"column":0},"end":{"line":32,"column":16}},"32":{"start":{"line":33,"column":0},"end":{"line":33,"column":135}},"33":{"start":{"line":34,"column":0},"end":{"line":34,"column":8}},"34":{"start":{"line":35,"column":0},"end":{"line":35,"column":38}},"35":{"start":{"line":36,"column":0},"end":{"line":36,"column":6}},"36":{"start":{"line":37,"column":0},"end":{"line":37,"column":3}},"37":{"start":{"line":38,"column":0},"end":{"line":38,"column":1}}},"s":{"0":1,"1":1,"2":1,"3":1,"4":1,"5":1,"6":1,"7":1,"8":2,"9":2,"10":2,"11":2,"12":313,"13":313,"14":1,"15":1,"16":1,"17":1,"18":1,"19":1,"20":1,"21":1,"22":1,"23":1,"24":1,"25":1,"26":3,"27":1,"28":1,"29":1,"30":1,"31":1,"32":1,"33":1,"34":1,"35":3,"36":3,"37":3},"branchMap":{"0":{"type":"branch","line":1,"loc":{"start":{"line":1,"column":0},"end":{"line":38,"column":1}},"locations":[{"start":{"line":1,"column":0},"end":{"line":38,"column":1}}]},"1":{"type":"branch","line":1,"loc":{"start":{"line":1,"column":0},"end":{"line":38,"column":1}},"locations":[{"start":{"line":1,"column":0},"end":{"line":38,"column":1}}]},"2":{"type":"branch","line":6,"loc":{"start":{"line":6,"column":22},"end":{"line":8,"column":27}},"locations":[{"start":{"line":6,"column":22},"end":{"line":8,"column":27}}]},"3":{"type":"branch","line":8,"loc":{"start":{"line":8,"column":47},"end":{"line":15,"column":28}},"locations":[{"start":{"line":8,"column":47},"end":{"line":15,"column":28}}]},"4":{"type":"branch","line":11,"loc":{"start":{"line":11,"column":12},"end":{"line":11,"column":41}},"locations":[{"start":{"line":11,"column":12},"end":{"line":11,"column":41}}]},"5":{"type":"branch","line":12,"loc":{"start":{"line":12,"column":22},"end":{"line":15,"column":9}},"locations":[{"start":{"line":12,"column":22},"end":{"line":15,"column":9}}]},"6":{"type":"branch","line":14,"loc":{"start":{"line":14,"column":27},"end":{"line":14,"column":42}},"locations":[{"start":{"line":14,"column":27},"end":{"line":14,"column":42}}]},"7":{"type":"branch","line":15,"loc":{"start":{"line":15,"column":44},"end":{"line":20,"column":102}},"locations":[{"start":{"line":15,"column":44},"end":{"line":20,"column":102}}]},"8":{"type":"branch","line":17,"loc":{"start":{"line":17,"column":26},"end":{"line":17,"column":30}},"locations":[{"start":{"line":17,"column":26},"end":{"line":17,"column":30}}]},"9":{"type":"branch","line":20,"loc":{"start":{"line":20,"column":84},"end":{"line":20,"column":92}},"locations":[{"start":{"line":20,"column":84},"end":{"line":20,"column":92}}]},"10":{"type":"branch","line":20,"loc":{"start":{"line":20,"column":123},"end":{"line":23,"column":5}},"locations":[{"start":{"line":20,"column":123},"end":{"line":23,"column":5}}]},"11":{"type":"branch","line":26,"loc":{"start":{"line":26,"column":12},"end":{"line":28,"column":9}},"locations":[{"start":{"line":26,"column":12},"end":{"line":28,"column":9}}]},"12":{"type":"branch","line":35,"loc":{"start":{"line":35,"column":4},"end":{"line":38,"column":1}},"locations":[{"start":{"line":35,"column":4},"end":{"line":38,"column":1}}]}},"b":{"0":[1],"1":[1],"2":[1],"3":[2],"4":[0],"5":[313],"6":[3],"7":[1],"8":[0],"9":[0],"10":[1],"11":[3],"12":[3]},"fnMap":{"0":{"name":"Object.<anonymous>","decl":{"start":{"line":1,"column":0},"end":{"line":38,"column":1}},"loc":{"start":{"line":1,"column":0},"end":{"line":38,"column":1}},"line":1},"1":{"name":"__export","decl":{"start":{"line":6,"column":22},"end":{"line":8,"column":27}},"loc":{"start":{"line":6,"column":22},"end":{"line":8,"column":27}},"line":6},"2":{"name":"__copyProps","decl":{"start":{"line":8,"column":47},"end":{"line":15,"column":28}},"loc":{"start":{"line":8,"column":47},"end":{"line":15,"column":28}},"line":8},"3":{"name":"get","decl":{"start":{"line":14,"column":27},"end":{"line":14,"column":42}},"loc":{"start":{"line":14,"column":27},"end":{"line":14,"column":42}},"line":14},"4":{"name":"__toESM","decl":{"start":{"line":15,"column":44},"end":{"line":20,"column":102}},"loc":{"start":{"line":15,"column":44},"end":{"line":20,"column":102}},"line":15},"5":{"name":"__toCommonJS","decl":{"start":{"line":20,"column":123},"end":{"line":23,"column":5}},"loc":{"start":{"line":20,"column":123},"end":{"line":23,"column":5}},"line":20},"6":{"name":"CardTokenLife","decl":{"start":{"line":26,"column":12},"end":{"line":28,"column":9}},"loc":{"start":{"line":26,"column":12},"end":{"line":28,"column":9}},"line":26},"7":{"name":"CardTokenLife","decl":{"start":{"line":35,"column":4},"end":{"line":38,"column":1}},"loc":{"start":{"line":35,"column":4},"end":{"line":38,"column":1}},"line":35}},"f":{"0":1,"1":1,"2":2,"3":3,"4":1,"5":1,"6":3,"7":3}}
,"G:\\Repositorio\\Retos Técnicos\\culqi-aws-tokenize\\src\\application\\functions\\card-token.function.ts": {"path":"G:\\Repositorio\\Retos Técnicos\\culqi-aws-tokenize\\src\\application\\functions\\card-token.function.ts","all":false,"statementMap":{"0":{"start":{"line":1,"column":0},"end":{"line":1,"column":28}},"1":{"start":{"line":2,"column":0},"end":{"line":2,"column":33}},"2":{"start":{"line":3,"column":0},"end":{"line":3,"column":63}},"3":{"start":{"line":4,"column":0},"end":{"line":4,"column":20}},"4":{"start":{"line":5,"column":0},"end":{"line":5,"column":39}},"5":{"start":{"line":6,"column":0},"end":{"line":6,"column":57}},"6":{"start":{"line":7,"column":0},"end":{"line":7,"column":0}},"7":{"start":{"line":8,"column":0},"end":{"line":8,"column":70}},"8":{"start":{"line":9,"column":0},"end":{"line":9,"column":56}},"9":{"start":{"line":10,"column":0},"end":{"line":10,"column":57}},"10":{"start":{"line":11,"column":0},"end":{"line":11,"column":45}},"11":{"start":{"line":12,"column":0},"end":{"line":12,"column":48}},"12":{"start":{"line":13,"column":0},"end":{"line":13,"column":24}},"13":{"start":{"line":14,"column":0},"end":{"line":14,"column":20}},"14":{"start":{"line":15,"column":0},"end":{"line":15,"column":17}},"15":{"start":{"line":16,"column":0},"end":{"line":16,"column":26}},"16":{"start":{"line":17,"column":0},"end":{"line":17,"column":3}},"17":{"start":{"line":18,"column":0},"end":{"line":18,"column":0}},"18":{"start":{"line":19,"column":0},"end":{"line":19,"column":73}},"19":{"start":{"line":20,"column":0},"end":{"line":20,"column":63}},"20":{"start":{"line":21,"column":0},"end":{"line":21,"column":80}},"21":{"start":{"line":22,"column":0},"end":{"line":22,"column":70}},"22":{"start":{"line":23,"column":0},"end":{"line":23,"column":0}},"23":{"start":{"line":24,"column":0},"end":{"line":24,"column":72}},"24":{"start":{"line":25,"column":0},"end":{"line":25,"column":25}},"25":{"start":{"line":26,"column":0},"end":{"line":26,"column":50}},"26":{"start":{"line":27,"column":0},"end":{"line":27,"column":44}},"27":{"start":{"line":28,"column":0},"end":{"line":28,"column":56}},"28":{"start":{"line":29,"column":0},"end":{"line":29,"column":55}},"29":{"start":{"line":30,"column":0},"end":{"line":30,"column":42}},"30":{"start":{"line":31,"column":0},"end":{"line":31,"column":6}},"31":{"start":{"line":32,"column":0},"end":{"line":32,"column":0}},"32":{"start":{"line":33,"column":0},"end":{"line":33,"column":16}},"33":{"start":{"line":34,"column":0},"end":{"line":34,"column":3}},"34":{"start":{"line":35,"column":0},"end":{"line":35,"column":0}},"35":{"start":{"line":36,"column":0},"end":{"line":36,"column":51}},"36":{"start":{"line":37,"column":0},"end":{"line":37,"column":57}},"37":{"start":{"line":38,"column":0},"end":{"line":38,"column":112}},"38":{"start":{"line":39,"column":0},"end":{"line":39,"column":21}},"39":{"start":{"line":40,"column":0},"end":{"line":40,"column":3}},"40":{"start":{"line":41,"column":0},"end":{"line":41,"column":0}},"41":{"start":{"line":42,"column":0},"end":{"line":42,"column":62}},"42":{"start":{"line":43,"column":0},"end":{"line":43,"column":45}},"43":{"start":{"line":44,"column":0},"end":{"line":44,"column":44}},"44":{"start":{"line":45,"column":0},"end":{"line":45,"column":29}},"45":{"start":{"line":46,"column":0},"end":{"line":46,"column":62}},"46":{"start":{"line":47,"column":0},"end":{"line":47,"column":26}},"47":{"start":{"line":48,"column":0},"end":{"line":48,"column":3}},"48":{"start":{"line":49,"column":0},"end":{"line":49,"column":1}}},"s":{"0":1,"1":1,"2":1,"3":1,"4":1,"5":1,"6":1,"7":1,"8":1,"9":1,"10":3,"11":3,"12":3,"13":3,"14":107,"15":107,"16":107,"17":107,"18":107,"19":1,"20":2,"21":2,"22":2,"23":1,"24":1,"25":1,"26":1,"27":1,"28":1,"29":1,"30":1,"31":1,"32":1,"33":1,"34":1,"35":1,"36":1,"37":1,"38":0,"39":0,"40":0,"41":0,"42":0,"43":0,"44":0,"45":1,"46":0,"47":0,"48":0},"branchMap":{"0":{"type":"branch","line":1,"loc":{"start":{"line":1,"column":0},"end":{"line":49,"column":1}},"locations":[{"start":{"line":1,"column":0},"end":{"line":49,"column":1}}]},"1":{"type":"branch","line":1,"loc":{"start":{"line":1,"column":0},"end":{"line":49,"column":1}},"locations":[{"start":{"line":1,"column":0},"end":{"line":49,"column":1}}]},"2":{"type":"branch","line":8,"loc":{"start":{"line":8,"column":32},"end":{"line":10,"column":13}},"locations":[{"start":{"line":8,"column":32},"end":{"line":10,"column":13}}]},"3":{"type":"branch","line":10,"loc":{"start":{"line":10,"column":33},"end":{"line":20,"column":46}},"locations":[{"start":{"line":10,"column":33},"end":{"line":20,"column":46}}]},"4":{"type":"branch","line":11,"loc":{"start":{"line":11,"column":43},"end":{"line":12,"column":25}},"locations":[{"start":{"line":11,"column":43},"end":{"line":12,"column":25}}]},"5":{"type":"branch","line":14,"loc":{"start":{"line":14,"column":4},"end":{"line":20,"column":27}},"locations":[{"start":{"line":14,"column":4},"end":{"line":20,"column":27}}]},"6":{"type":"branch","line":19,"loc":{"start":{"line":19,"column":13},"end":{"line":19,"column":28}},"locations":[{"start":{"line":19,"column":13},"end":{"line":19,"column":28}}]},"7":{"type":"branch","line":20,"loc":{"start":{"line":20,"column":62},"end":{"line":24,"column":64}},"locations":[{"start":{"line":20,"column":62},"end":{"line":24,"column":64}}]},"8":{"type":"branch","line":21,"loc":{"start":{"line":21,"column":78},"end":{"line":22,"column":0}},"locations":[{"start":{"line":21,"column":78},"end":{"line":22,"column":0}}]},"9":{"type":"branch","line":24,"loc":{"start":{"line":24,"column":46},"end":{"line":24,"column":54}},"locations":[{"start":{"line":24,"column":46},"end":{"line":24,"column":54}}]},"10":{"type":"branch","line":25,"loc":{"start":{"line":25,"column":11},"end":{"line":27,"column":3}},"locations":[{"start":{"line":25,"column":11},"end":{"line":27,"column":3}}]},"11":{"type":"branch","line":28,"loc":{"start":{"line":28,"column":33},"end":{"line":29,"column":1}},"locations":[{"start":{"line":28,"column":33},"end":{"line":29,"column":1}}]},"12":{"type":"branch","line":36,"loc":{"start":{"line":36,"column":45},"end":{"line":49,"column":1}},"locations":[{"start":{"line":36,"column":45},"end":{"line":49,"column":1}}]}},"b":{"0":[1],"1":[1],"2":[1],"3":[3],"4":[0],"5":[107],"6":[10],"7":[2],"8":[0],"9":[0],"10":[1],"11":[10],"12":[1]},"fnMap":{"0":{"name":"Object.<anonymous>","decl":{"start":{"line":1,"column":0},"end":{"line":49,"column":1}},"loc":{"start":{"line":1,"column":0},"end":{"line":49,"column":1}},"line":1},"1":{"name":"__export","decl":{"start":{"line":8,"column":32},"end":{"line":10,"column":13}},"loc":{"start":{"line":8,"column":32},"end":{"line":10,"column":13}},"line":8},"2":{"name":"__copyProps","decl":{"start":{"line":10,"column":33},"end":{"line":20,"column":46}},"loc":{"start":{"line":10,"column":33},"end":{"line":20,"column":46}},"line":10},"3":{"name":"get","decl":{"start":{"line":19,"column":13},"end":{"line":19,"column":28}},"loc":{"start":{"line":19,"column":13},"end":{"line":19,"column":28}},"line":19},"4":{"name":"__toESM","decl":{"start":{"line":20,"column":62},"end":{"line":24,"column":64}},"loc":{"start":{"line":20,"column":62},"end":{"line":24,"column":64}},"line":20},"5":{"name":"__toCommonJS","decl":{"start":{"line":25,"column":11},"end":{"line":27,"column":3}},"loc":{"start":{"line":25,"column":11},"end":{"line":27,"column":3}},"line":25},"6":{"name":"CARD_TOKEN_FUNCTIONS","decl":{"start":{"line":28,"column":33},"end":{"line":29,"column":1}},"loc":{"start":{"line":28,"column":33},"end":{"line":29,"column":1}},"line":28},"7":{"name":"encryptCardData","decl":{"start":{"line":38,"column":22},"end":{"line":46,"column":1}},"loc":{"start":{"line":38,"column":22},"end":{"line":46,"column":1}},"line":38},"8":{"name":"decryptToken","decl":{"start":{"line":47,"column":-1},"end":{"line":49,"column":1}},"loc":{"start":{"line":47,"column":-1},"end":{"line":49,"column":1}},"line":47}},"f":{"0":1,"1":1,"2":3,"3":10,"4":2,"5":1,"6":10,"7":0,"8":0}}
,"G:\\Repositorio\\Retos Técnicos\\culqi-aws-tokenize\\src\\domain\\entities\\card-tokenized.entity.ts": {"path":"G:\\Repositorio\\Retos Técnicos\\culqi-aws-tokenize\\src\\domain\\entities\\card-tokenized.entity.ts","all":false,"statementMap":{"0":{"start":{"line":1,"column":0},"end":{"line":1,"column":72}},"1":{"start":{"line":2,"column":0},"end":{"line":2,"column":0}},"2":{"start":{"line":3,"column":0},"end":{"line":3,"column":60}},"3":{"start":{"line":4,"column":0},"end":{"line":4,"column":21}},"4":{"start":{"line":5,"column":0},"end":{"line":5,"column":14}},"5":{"start":{"line":6,"column":0},"end":{"line":6,"column":26}},"6":{"start":{"line":7,"column":0},"end":{"line":7,"column":25}},"7":{"start":{"line":8,"column":0},"end":{"line":8,"column":16}},"8":{"start":{"line":9,"column":0},"end":{"line":9,"column":17}},"9":{"start":{"line":10,"column":0},"end":{"line":10,"column":22}},"10":{"start":{"line":11,"column":0},"end":{"line":11,"column":21}},"11":{"start":{"line":12,"column":0},"end":{"line":12,"column":0}},"12":{"start":{"line":13,"column":0},"end":{"line":13,"column":54}},"13":{"start":{"line":14,"column":0},"end":{"line":14,"column":47}},"14":{"start":{"line":15,"column":0},"end":{"line":15,"column":33}},"15":{"start":{"line":16,"column":0},"end":{"line":16,"column":37}},"16":{"start":{"line":17,"column":0},"end":{"line":17,"column":57}},"17":{"start":{"line":18,"column":0},"end":{"line":18,"column":55}},"18":{"start":{"line":19,"column":0},"end":{"line":19,"column":37}},"19":{"start":{"line":20,"column":0},"end":{"line":20,"column":59}},"20":{"start":{"line":21,"column":0},"end":{"line":21,"column":44}},"21":{"start":{"line":22,"column":0},"end":{"line":22,"column":3}},"22":{"start":{"line":23,"column":0},"end":{"line":23,"column":1}}},"s":{"0":1,"1":1,"2":1,"3":1,"4":1,"5":1,"6":1,"7":1,"8":1,"9":1,"10":1,"11":1,"12":1,"13":1,"14":1,"15":1,"16":1,"17":1,"18":1,"19":1,"20":1,"21":1,"22":1},"branchMap":{"0":{"type":"branch","line":1,"loc":{"start":{"line":1,"column":0},"end":{"line":23,"column":1}},"locations":[{"start":{"line":1,"column":0},"end":{"line":23,"column":1}}]},"1":{"type":"branch","line":1,"loc":{"start":{"line":1,"column":0},"end":{"line":23,"column":1}},"locations":[{"start":{"line":1,"column":0},"end":{"line":23,"column":1}}]},"2":{"type":"branch","line":7,"loc":{"start":{"line":7,"column":9},"end":{"line":13,"column":7}},"locations":[{"start":{"line":7,"column":9},"end":{"line":13,"column":7}}]},"3":{"type":"branch","line":13,"loc":{"start":{"line":13,"column":27},"end":{"line":20,"column":39}},"locations":[{"start":{"line":13,"column":27},"end":{"line":20,"column":39}}]},"4":{"type":"branch","line":14,"loc":{"start":{"line":14,"column":40},"end":{"line":15,"column":20}},"locations":[{"start":{"line":14,"column":40},"end":{"line":15,"column":20}}]},"5":{"type":"branch","line":18,"loc":{"start":{"line":18,"column":27},"end":{"line":18,"column":42}},"locations":[{"start":{"line":18,"column":27},"end":{"line":18,"column":42}}]}},"b":{"0":[1],"1":[1],"2":[1],"3":[1],"4":[0],"5":[1]},"fnMap":{"0":{"name":"Object.<anonymous>","decl":{"start":{"line":1,"column":0},"end":{"line":23,"column":1}},"loc":{"start":{"line":1,"column":0},"end":{"line":23,"column":1}},"line":1},"1":{"name":"__export","decl":{"start":{"line":7,"column":9},"end":{"line":13,"column":7}},"loc":{"start":{"line":7,"column":9},"end":{"line":13,"column":7}},"line":7},"2":{"name":"__copyProps","decl":{"start":{"line":13,"column":27},"end":{"line":20,"column":39}},"loc":{"start":{"line":13,"column":27},"end":{"line":20,"column":39}},"line":13},"3":{"name":"get","decl":{"start":{"line":18,"column":27},"end":{"line":18,"column":42}},"loc":{"start":{"line":18,"column":27},"end":{"line":18,"column":42}},"line":18}},"f":{"0":1,"1":1,"2":1,"3":1}}
,"G:\\Repositorio\\Retos Técnicos\\culqi-aws-tokenize\\src\\infraestructure\\dto\\response\\error.res.dto.ts": {"path":"G:\\Repositorio\\Retos Técnicos\\culqi-aws-tokenize\\src\\infraestructure\\dto\\response\\error.res.dto.ts","all":false,"statementMap":{"0":{"start":{"line":1,"column":0},"end":{"line":1,"column":37}},"1":{"start":{"line":2,"column":0},"end":{"line":2,"column":0}},"2":{"start":{"line":3,"column":0},"end":{"line":3,"column":45}},"3":{"start":{"line":4,"column":0},"end":{"line":4,"column":46}},"4":{"start":{"line":5,"column":0},"end":{"line":5,"column":15}},"5":{"start":{"line":6,"column":0},"end":{"line":6,"column":19}},"6":{"start":{"line":7,"column":0},"end":{"line":7,"column":69}},"7":{"start":{"line":8,"column":0},"end":{"line":8,"column":12}},"8":{"start":{"line":9,"column":0},"end":{"line":9,"column":59}},"9":{"start":{"line":10,"column":0},"end":{"line":10,"column":61}},"10":{"start":{"line":11,"column":0},"end":{"line":11,"column":27}},"11":{"start":{"line":12,"column":0},"end":{"line":12,"column":3}},"12":{"start":{"line":13,"column":0},"end":{"line":13,"column":1}}},"s":{"0":1,"1":1,"2":1,"3":1,"4":1,"5":1,"6":1,"7":1,"8":1,"9":1,"10":1,"11":1,"12":2},"branchMap":{"0":{"type":"branch","line":1,"loc":{"start":{"line":1,"column":0},"end":{"line":13,"column":1}},"locations":[{"start":{"line":1,"column":0},"end":{"line":13,"column":1}}]},"1":{"type":"branch","line":1,"loc":{"start":{"line":1,"column":0},"end":{"line":13,"column":1}},"locations":[{"start":{"line":1,"column":0},"end":{"line":13,"column":1}}]},"2":{"type":"branch","line":9,"loc":{"start":{"line":9,"column":27},"end":{"line":11,"column":14}},"locations":[{"start":{"line":9,"column":27},"end":{"line":11,"column":14}}]},"3":{"type":"branch","line":13,"loc":{"start":{"line":13,"column":0},"end":{"line":13,"column":1}},"locations":[{"start":{"line":13,"column":0},"end":{"line":13,"column":1}}]}},"b":{"0":[1],"1":[1],"2":[1],"3":[2]},"fnMap":{"0":{"name":"Object.<anonymous>","decl":{"start":{"line":1,"column":0},"end":{"line":13,"column":1}},"loc":{"start":{"line":1,"column":0},"end":{"line":13,"column":1}},"line":1},"1":{"name":"__export","decl":{"start":{"line":9,"column":27},"end":{"line":11,"column":14}},"loc":{"start":{"line":9,"column":27},"end":{"line":11,"column":14}},"line":9},"2":{"name":"__copyProps","decl":{"start":{"line":13,"column":0},"end":{"line":13,"column":1}},"loc":{"start":{"line":13,"column":0},"end":{"line":13,"column":1}},"line":13}},"f":{"0":1,"1":1,"2":2}}
}
