TN:
SF:src\application\functions\card-token-life.function.ts
FN:1,Object.<anonymous>
FN:6,__export
FN:8,__copyProps
FN:14,get
FN:15,__toESM
FN:20,__toCommonJS
FN:26,CardTokenLife
FN:35,CardTokenLife
FNF:8
FNH:8
FNDA:1,Object.<anonymous>
FNDA:1,__export
FNDA:2,__copyProps
FNDA:3,get
FNDA:1,__toESM
FNDA:1,__toCommonJS
FNDA:3,CardTokenLife
FNDA:3,CardTokenLife
DA:1,1
DA:2,1
DA:3,1
DA:4,1
DA:5,1
DA:6,1
DA:7,1
DA:8,1
DA:9,2
DA:10,2
DA:11,2
DA:12,2
DA:13,313
DA:14,313
DA:15,1
DA:16,1
DA:17,1
DA:18,1
DA:19,1
DA:20,1
DA:21,1
DA:22,1
DA:23,1
DA:24,1
DA:25,1
DA:26,1
DA:27,3
DA:28,1
DA:29,1
DA:30,1
DA:31,1
DA:32,1
DA:33,1
DA:34,1
DA:35,1
DA:36,3
DA:37,3
DA:38,3
LF:38
LH:38
BRDA:1,0,0,1
BRDA:1,1,0,1
BRDA:6,2,0,1
BRDA:8,3,0,2
BRDA:11,4,0,0
BRDA:12,5,0,313
BRDA:14,6,0,3
BRDA:15,7,0,1
BRDA:17,8,0,0
BRDA:20,9,0,0
BRDA:20,10,0,1
BRDA:26,11,0,3
BRDA:35,12,0,3
BRF:13
BRH:10
end_of_record
TN:
SF:src\application\functions\card-token.function.ts
FN:1,Object.<anonymous>
FN:8,__export
FN:10,__copyProps
FN:19,get
FN:20,__toESM
FN:25,__toCommonJS
FN:28,CARD_TOKEN_FUNCTIONS
FN:38,encryptCardData
FN:47,decryptToken
FNF:9
FNH:7
FNDA:1,Object.<anonymous>
FNDA:1,__export
FNDA:3,__copyProps
FNDA:10,get
FNDA:2,__toESM
FNDA:1,__toCommonJS
FNDA:10,CARD_TOKEN_FUNCTIONS
FNDA:0,encryptCardData
FNDA:0,decryptToken
DA:1,1
DA:2,1
DA:3,1
DA:4,1
DA:5,1
DA:6,1
DA:7,1
DA:8,1
DA:9,1
DA:10,1
DA:11,3
DA:12,3
DA:13,3
DA:14,3
DA:15,107
DA:16,107
DA:17,107
DA:18,107
DA:19,107
DA:20,1
DA:21,2
DA:22,2
DA:23,2
DA:24,1
DA:25,1
DA:26,1
DA:27,1
DA:28,1
DA:29,1
DA:30,1
DA:31,1
DA:32,1
DA:33,1
DA:34,1
DA:35,1
DA:36,1
DA:37,1
DA:38,1
DA:39,0
DA:40,0
DA:41,0
DA:42,0
DA:43,0
DA:44,0
DA:45,0
DA:46,1
DA:47,0
DA:48,0
DA:49,0
LF:49
LH:39
BRDA:1,0,0,1
BRDA:1,1,0,1
BRDA:8,2,0,1
BRDA:10,3,0,3
BRDA:11,4,0,0
BRDA:14,5,0,107
BRDA:19,6,0,10
BRDA:20,7,0,2
BRDA:21,8,0,0
BRDA:24,9,0,0
BRDA:25,10,0,1
BRDA:28,11,0,10
BRDA:36,12,0,1
BRF:13
BRH:10
end_of_record
TN:
SF:src\domain\entities\card-tokenized.entity.ts
FN:1,Object.<anonymous>
FN:7,__export
FN:13,__copyProps
FN:18,get
FNF:4
FNH:4
FNDA:1,Object.<anonymous>
FNDA:1,__export
FNDA:1,__copyProps
FNDA:1,get
DA:1,1
DA:2,1
DA:3,1
DA:4,1
DA:5,1
DA:6,1
DA:7,1
DA:8,1
DA:9,1
DA:10,1
DA:11,1
DA:12,1
DA:13,1
DA:14,1
DA:15,1
DA:16,1
DA:17,1
DA:18,1
DA:19,1
DA:20,1
DA:21,1
DA:22,1
DA:23,1
LF:23
LH:23
BRDA:1,0,0,1
BRDA:1,1,0,1
BRDA:7,2,0,1
BRDA:13,3,0,1
BRDA:14,4,0,0
BRDA:18,5,0,1
BRF:6
BRH:5
end_of_record
TN:
SF:src\infraestructure\dto\response\error.res.dto.ts
FN:1,Object.<anonymous>
FN:9,__export
FN:13,__copyProps
FNF:3
FNH:3
FNDA:1,Object.<anonymous>
FNDA:1,__export
FNDA:2,__copyProps
DA:1,1
DA:2,1
DA:3,1
DA:4,1
DA:5,1
DA:6,1
DA:7,1
DA:8,1
DA:9,1
DA:10,1
DA:11,1
DA:12,1
DA:13,2
LF:13
LH:13
BRDA:1,0,0,1
BRDA:1,1,0,1
BRDA:9,2,0,1
BRDA:13,3,0,2
BRF:4
BRH:4
end_of_record
